#
# There is insufficient memory for the Java Runtime Environment to continue.
# Native memory allocation (malloc) failed to allocate 32744 bytes for ChunkPool::allocate
# Possible reasons:
#   The system is out of physical RAM or swap space
#   The process is running with CompressedOops enabled, and the Java Heap may be blocking the growth of the native heap
# Possible solutions:
#   Reduce memory load on the system
#   Increase physical memory or swap space
#   Check if swap backing store is full
#   Decrease Java heap size (-Xmx/-Xms)
#   Decrease number of Java threads
#   Decrease Java thread stack sizes (-Xss)
#   Set larger code cache with -XX:ReservedCodeCacheSize=
#   JVM is running with Unscaled Compressed Oops mode in which the Java heap is
#     placed in the first 4GB address space. The Java Heap base address is the
#     maximum limit for the native heap growth. Please use -XX:HeapBaseMinAddress
#     to set the Java Heap base and to place the Java Heap above 4GB virtual address.
# This output file may be truncated or incomplete.
#
#  Out of Memory Error (allocation.cpp:272), pid=11772, tid=0x0000000000003068
#
# JRE version: OpenJDK Runtime Environment (8.0_242-b01) (build 1.8.0_242-release-1644-b01)
# Java VM: OpenJDK 64-Bit Server VM (25.242-b01 mixed mode windows-amd64 compressed oops)
# Failed to write core dump. Minidumps are not enabled by default on client versions of Windows
#

---------------  T H R E A D  ---------------

Current thread (0x000000001673e800):  JavaThread "C2 CompilerThread0" daemon [_thread_in_native, id=12392, stack(0x0000000018e30000,0x0000000018f30000)]

Stack: [0x0000000018e30000,0x0000000018f30000]
[error occurred during error reporting (printing stack bounds), id 0xc0000005]

Native frames: (J=compiled Java code, j=interpreted, Vv=VM code, C=native code)


Current CompileTask:
C2:  27491 5258 %     4       org.gradle.internal.instantiation.generator.AbstractClassGenerator::inspectType @ 77 (559 bytes)


---------------  P R O C E S S  ---------------

Java Threads: ( => current thread )
  0x000000001b4ab000 JavaThread "Execution worker for ':' Thread 7" [_thread_blocked, id=9296, stack(0x00000000251b0000,0x00000000252b0000)]
  0x000000001b4b0000 JavaThread "Execution worker for ':' Thread 6" [_thread_blocked, id=17108, stack(0x00000000250b0000,0x00000000251b0000)]
  0x000000001ef62000 JavaThread "Execution worker for ':' Thread 5" [_thread_blocked, id=15588, stack(0x0000000024fb0000,0x00000000250b0000)]
  0x000000001ef61800 JavaThread "Execution worker for ':' Thread 4" [_thread_blocked, id=19940, stack(0x0000000024eb0000,0x0000000024fb0000)]
  0x000000001ef60000 JavaThread "Execution worker for ':' Thread 3" [_thread_in_vm, id=14688, stack(0x0000000024db0000,0x0000000024eb0000)]
  0x000000001ef5e800 JavaThread "Execution worker for ':' Thread 2" [_thread_in_vm, id=17124, stack(0x0000000024cb0000,0x0000000024db0000)]
  0x000000001ef64800 JavaThread "Execution worker for ':'" [_thread_blocked, id=20420, stack(0x0000000024bb0000,0x0000000024cb0000)]
  0x000000001ef63800 JavaThread "Cache worker for file content cache (C:\Users\patri\Desktop\SmartMailbox\.gradle\6.1.1\fileContent)" [_thread_blocked, id=20088, stack(0x00000000246b0000,0x00000000247b0000)]
  0x000000001ef63000 JavaThread "Cache worker for file content cache (C:\Users\patri\.gradle\caches\6.1.1\fileContent)" [_thread_blocked, id=15012, stack(0x00000000245b0000,0x00000000246b0000)]
  0x000000001ef5f000 JavaThread "Memory manager" [_thread_blocked, id=4164, stack(0x00000000244b0000,0x00000000245b0000)]
  0x000000001ef5d800 JavaThread "Cache worker for Build Output Cleanup Cache (C:\Users\patri\Desktop\SmartMailbox\.gradle\buildOutputCleanup)" [_thread_blocked, id=14316, stack(0x00000000239b0000,0x0000000023ab0000)]
  0x000000001ef5a800 JavaThread "Build operations Thread 8" [_thread_blocked, id=4156, stack(0x00000000232b0000,0x00000000233b0000)]
  0x000000001ef5d000 JavaThread "Build operations Thread 7" [_thread_blocked, id=14000, stack(0x00000000231b0000,0x00000000232b0000)]
  0x000000001ef5b800 JavaThread "Build operations Thread 6" [_thread_blocked, id=19524, stack(0x00000000230b0000,0x00000000231b0000)]
  0x000000001ef57000 JavaThread "Build operations Thread 5" [_thread_blocked, id=10672, stack(0x0000000022fb0000,0x00000000230b0000)]
  0x000000001ef56000 JavaThread "Build operations Thread 4" [_thread_blocked, id=9564, stack(0x0000000022eb0000,0x0000000022fb0000)]
  0x000000001ef5a000 JavaThread "Build operations Thread 3" [_thread_blocked, id=16588, stack(0x0000000022db0000,0x0000000022eb0000)]
  0x000000001ef55800 JavaThread "Build operations Thread 2" [_thread_blocked, id=19012, stack(0x0000000022cb0000,0x0000000022db0000)]
  0x000000001ef59000 JavaThread "Build operations" [_thread_blocked, id=17156, stack(0x0000000022bb0000,0x0000000022cb0000)]
  0x000000001b142800 JavaThread "Cache worker for execution history cache (C:\Users\patri\.gradle\caches\6.1.1\executionHistory)" [_thread_blocked, id=12640, stack(0x0000000020ee0000,0x0000000020fe0000)]
  0x000000001b141800 JavaThread "Cache worker for cache directory md-rule (C:\Users\patri\.gradle\caches\6.1.1\md-rule)" [_thread_blocked, id=8300, stack(0x000000001fd50000,0x000000001fe50000)]
  0x000000001b140000 JavaThread "Cache worker for cache directory md-supplier (C:\Users\patri\.gradle\caches\6.1.1\md-supplier)" [_thread_blocked, id=9228, stack(0x000000001fb20000,0x000000001fc20000)]
  0x000000001b144800 JavaThread "Cache worker for file hash cache (C:\Users\patri\Desktop\SmartMailbox\.gradle\6.1.1\fileHashes)" [_thread_blocked, id=12988, stack(0x000000001f620000,0x000000001f720000)]
  0x000000001b144000 JavaThread "Cache worker for checksums cache (C:\Users\patri\Desktop\SmartMailbox\.gradle\checksums)" [_thread_blocked, id=4512, stack(0x000000001fc50000,0x000000001fd50000)]
  0x000000001b143000 JavaThread "Cache worker for file hash cache (C:\Users\patri\.gradle\caches\6.1.1\fileHashes)" [_thread_blocked, id=19596, stack(0x000000001d380000,0x000000001d480000)]
  0x000000001b147000 JavaThread "File lock request listener" [_thread_in_native, id=13536, stack(0x000000001d280000,0x000000001d380000)]
  0x0000000019ed6000 JavaThread "Cache worker for journal cache (C:\Users\patri\.gradle\caches\journal-1)" [_thread_blocked, id=18516, stack(0x000000001d180000,0x000000001d280000)]
  0x0000000019507000 JavaThread "Thread-9" [_thread_blocked, id=9552, stack(0x000000001ce80000,0x000000001cf80000)]
  0x000000001afda800 JavaThread "Stdin handler" [_thread_blocked, id=14472, stack(0x000000001cd80000,0x000000001ce80000)]
  0x000000001aff2000 JavaThread "Asynchronous log dispatcher for DefaultDaemonConnection: socket connection from /127.0.0.1:59486 to /127.0.0.1:59487" [_thread_blocked, id=12560, stack(0x000000001cb80000,0x000000001cc80000)]
  0x000000001afcb000 JavaThread "Daemon worker" [_thread_in_vm, id=3880, stack(0x000000001ca80000,0x000000001cb80000)]
  0x000000001afc4800 JavaThread "Cancel handler" [_thread_blocked, id=16508, stack(0x000000001c980000,0x000000001ca80000)]
  0x000000001afea800 JavaThread "Handler for socket connection from /127.0.0.1:59486 to /127.0.0.1:59487" [_thread_in_native, id=8684, stack(0x000000001c680000,0x000000001c780000)]
  0x000000001afe5000 JavaThread "Daemon" [_thread_blocked, id=5500, stack(0x000000001c580000,0x000000001c680000)]
  0x000000001af3a000 JavaThread "Daemon periodic checks" [_thread_blocked, id=15592, stack(0x000000001c480000,0x000000001c580000)]
  0x000000001af38000 JavaThread "Incoming local TCP Connector on port 59486" [_thread_in_native, id=1432, stack(0x000000001c210000,0x000000001c310000)]
  0x0000000018668800 JavaThread "Daemon health stats" [_thread_blocked, id=15664, stack(0x000000001bbd0000,0x000000001bcd0000)]
  0x00000000185d1000 JavaThread "Service Thread" daemon [_thread_blocked, id=10156, stack(0x0000000019230000,0x0000000019330000)]
  0x0000000018553000 JavaThread "C1 CompilerThread3" daemon [_thread_in_native, id=4676, stack(0x0000000019130000,0x0000000019230000)]
  0x0000000018547800 JavaThread "C2 CompilerThread2" daemon [_thread_in_native, id=19960, stack(0x0000000019030000,0x0000000019130000)]
  0x0000000018538000 JavaThread "C2 CompilerThread1" daemon [_thread_in_native, id=7184, stack(0x0000000018f30000,0x0000000019030000)]
=>0x000000001673e800 JavaThread "C2 CompilerThread0" daemon [_thread_in_native, id=12392, stack(0x0000000018e30000,0x0000000018f30000)]
  0x0000000018535000 JavaThread "Attach Listener" daemon [_thread_blocked, id=18872, stack(0x0000000018d30000,0x0000000018e30000)]
  0x0000000018534000 JavaThread "Signal Dispatcher" daemon [_thread_blocked, id=12756, stack(0x0000000018c30000,0x0000000018d30000)]
  0x0000000018521000 JavaThread "Finalizer" daemon [_thread_blocked, id=20092, stack(0x0000000018a00000,0x0000000018b00000)]
  0x0000000018520800 JavaThread "Reference Handler" daemon [_thread_blocked, id=4972, stack(0x0000000018900000,0x0000000018a00000)]
  0x000000000270e000 JavaThread "main" [_thread_blocked, id=10688, stack(0x0000000002710000,0x0000000002810000)]

Other Threads:
  0x0000000016726800 VMThread [stack: 0x0000000018400000,0x0000000018500000] [id=1600]
  0x00000000185d2000 WatcherThread [stack: 0x0000000019330000,0x0000000019430000] [id=7952]

VM state:not at safepoint (normal execution)

VM Mutex/Monitor currently owned by a thread: None

heap address: 0x00000000a0000000, size: 1536 MB, Compressed Oops mode: 32-bit
Narrow klass base: 0x0000000000000000, Narrow klass shift: 3
Compressed class space size: 1073741824 Address: 0x0000000100000000

Heap:
 PSYoungGen      total 163840K, used 57519K [0x00000000e0000000, 0x00000000ebe00000, 0x0000000100000000)
  eden space 146432K, 39% used [0x00000000e0000000,0x00000000e382bff0,0x00000000e8f00000)
  from space 17408K, 0% used [0x00000000ea080000,0x00000000ea080000,0x00000000eb180000)
  to   space 17920K, 0% used [0x00000000e8f00000,0x00000000e8f00000,0x00000000ea080000)
 ParOldGen       total 141312K, used 29879K [0x00000000a0000000, 0x00000000a8a00000, 0x00000000e0000000)
  object space 141312K, 21% used [0x00000000a0000000,0x00000000a1d2de70,0x00000000a8a00000)
 Metaspace       used 59623K, capacity 62284K, committed 62384K, reserved 1103872K
  class space    used 8268K, capacity 8807K, committed 8880K, reserved 1048576K

Card table byte_map: [0x0000000011d10000,0x0000000012020000] byte_map_base: 0x0000000011810000

Marking Bits: (ParMarkBitMap*) 0x000000005a78f030
 Begin Bits: [0x0000000012a20000, 0x0000000014220000)
 End Bits:   [0x0000000014220000, 0x0000000015a20000)

Polling page: 0x0000000002820000

CodeCache: size=245760Kb used=18510Kb max_used=18730Kb free=227250Kb
 bounds [0x0000000002950000, 0x0000000003bb0000, 0x0000000011950000]
 total_blobs=6400 nmethods=5618 adapters=694
 compilation: enabled

Compilation events (10 events):
Event: 27.447 Thread 0x0000000018553000 nmethod 6191 0x0000000002e7cb90 code [0x0000000002e7cce0, 0x0000000002e7cdf0]
Event: 27.448 Thread 0x0000000018553000 6192       3       com.google.common.collect.Ordering::natural (4 bytes)
Event: 27.448 Thread 0x0000000018553000 nmethod 6192 0x0000000002e7c890 code [0x0000000002e7c9e0, 0x0000000002e7cb10]
Event: 27.448 Thread 0x0000000018553000 6193       2       java.util.Arrays::binarySearch0 (95 bytes)
Event: 27.450 Thread 0x0000000018553000 nmethod 6193 0x0000000003580b10 code [0x0000000003580c80, 0x0000000003580f18]
Event: 27.470 Thread 0x0000000018553000 6196   !   3       java.lang.invoke.CallSite::makeSite (457 bytes)
Event: 27.477 Thread 0x0000000018553000 nmethod 6196 0x00000000032c37d0 code [0x00000000032c3e00, 0x00000000032c8be8]
Event: 27.477 Thread 0x0000000018553000 6199       3       java.lang.invoke.InnerClassLambdaMetafactory::generateConstructor (151 bytes)
Event: 27.481 Thread 0x0000000018553000 nmethod 6199 0x0000000002f4e0d0 code [0x0000000002f4e3e0, 0x0000000002f4f8f8]
Event: 27.481 Thread 0x0000000018553000 6206       3       java.lang.invoke.InnerClassLambdaMetafactory::spinInnerClass (515 bytes)

GC Heap History (10 events):
Event: 9.207 GC heap before
{Heap before GC invocations=11 (full 2):
 PSYoungGen      total 110080K, used 8775K [0x00000000e0000000, 0x00000000e9980000, 0x0000000100000000)
  eden space 98304K, 0% used [0x00000000e0000000,0x00000000e0000000,0x00000000e6000000)
  from space 11776K, 74% used [0x00000000e6000000,0x00000000e6891c98,0x00000000e6b80000)
  to   space 11776K, 0% used [0x00000000e8e00000,0x00000000e8e00000,0x00000000e9980000)
 ParOldGen       total 60416K, used 8937K [0x00000000a0000000, 0x00000000a3b00000, 0x00000000e0000000)
  object space 60416K, 14% used [0x00000000a0000000,0x00000000a08ba710,0x00000000a3b00000)
 Metaspace       used 34543K, capacity 35410K, committed 35496K, reserved 1079296K
  class space    used 4740K, capacity 4974K, committed 5040K, reserved 1048576K
Event: 9.297 GC heap after
Heap after GC invocations=11 (full 2):
 PSYoungGen      total 110080K, used 0K [0x00000000e0000000, 0x00000000e9980000, 0x0000000100000000)
  eden space 98304K, 0% used [0x00000000e0000000,0x00000000e0000000,0x00000000e6000000)
  from space 11776K, 0% used [0x00000000e6000000,0x00000000e6000000,0x00000000e6b80000)
  to   space 11776K, 0% used [0x00000000e8e00000,0x00000000e8e00000,0x00000000e9980000)
 ParOldGen       total 93184K, used 15288K [0x00000000a0000000, 0x00000000a5b00000, 0x00000000e0000000)
  object space 93184K, 16% used [0x00000000a0000000,0x00000000a0eee168,0x00000000a5b00000)
 Metaspace       used 34543K, capacity 35410K, committed 35496K, reserved 1079296K
  class space    used 4740K, capacity 4974K, committed 5040K, reserved 1048576K
}
Event: 16.223 GC heap before
{Heap before GC invocations=12 (full 2):
 PSYoungGen      total 110080K, used 98304K [0x00000000e0000000, 0x00000000e9980000, 0x0000000100000000)
  eden space 98304K, 100% used [0x00000000e0000000,0x00000000e6000000,0x00000000e6000000)
  from space 11776K, 0% used [0x00000000e6000000,0x00000000e6000000,0x00000000e6b80000)
  to   space 11776K, 0% used [0x00000000e8e00000,0x00000000e8e00000,0x00000000e9980000)
 ParOldGen       total 93184K, used 15288K [0x00000000a0000000, 0x00000000a5b00000, 0x00000000e0000000)
  object space 93184K, 16% used [0x00000000a0000000,0x00000000a0eee168,0x00000000a5b00000)
 Metaspace       used 43155K, capacity 44692K, committed 44976K, reserved 1087488K
  class space    used 5862K, capacity 6230K, committed 6320K, reserved 1048576K
Event: 16.249 GC heap after
Heap after GC invocations=12 (full 2):
 PSYoungGen      total 133120K, used 11368K [0x00000000e0000000, 0x00000000e9980000, 0x0000000100000000)
  eden space 121344K, 0% used [0x00000000e0000000,0x00000000e0000000,0x00000000e7680000)
  from space 11776K, 96% used [0x00000000e8e00000,0x00000000e991a3e8,0x00000000e9980000)
  to   space 13312K, 0% used [0x00000000e7f80000,0x00000000e7f80000,0x00000000e8c80000)
 ParOldGen       total 93184K, used 15296K [0x00000000a0000000, 0x00000000a5b00000, 0x00000000e0000000)
  object space 93184K, 16% used [0x00000000a0000000,0x00000000a0ef0168,0x00000000a5b00000)
 Metaspace       used 43155K, capacity 44692K, committed 44976K, reserved 1087488K
  class space    used 5862K, capacity 6230K, committed 6320K, reserved 1048576K
}
Event: 22.727 GC heap before
{Heap before GC invocations=13 (full 2):
 PSYoungGen      total 133120K, used 132712K [0x00000000e0000000, 0x00000000e9980000, 0x0000000100000000)
  eden space 121344K, 100% used [0x00000000e0000000,0x00000000e7680000,0x00000000e7680000)
  from space 11776K, 96% used [0x00000000e8e00000,0x00000000e991a3e8,0x00000000e9980000)
  to   space 13312K, 0% used [0x00000000e7f80000,0x00000000e7f80000,0x00000000e8c80000)
 ParOldGen       total 93184K, used 15296K [0x00000000a0000000, 0x00000000a5b00000, 0x00000000e0000000)
  object space 93184K, 16% used [0x00000000a0000000,0x00000000a0ef0168,0x00000000a5b00000)
 Metaspace       used 53692K, capacity 55582K, committed 55728K, reserved 1097728K
  class space    used 7299K, capacity 7742K, committed 7856K, reserved 1048576K
Event: 22.762 GC heap after
Heap after GC invocations=13 (full 2):
 PSYoungGen      total 143872K, used 13308K [0x00000000e0000000, 0x00000000eb180000, 0x0000000100000000)
  eden space 130560K, 0% used [0x00000000e0000000,0x00000000e0000000,0x00000000e7f80000)
  from space 13312K, 99% used [0x00000000e7f80000,0x00000000e8c7f340,0x00000000e8c80000)
  to   space 17408K, 0% used [0x00000000ea080000,0x00000000ea080000,0x00000000eb180000)
 ParOldGen       total 93184K, used 22773K [0x00000000a0000000, 0x00000000a5b00000, 0x00000000e0000000)
  object space 93184K, 24% used [0x00000000a0000000,0x00000000a163d5a8,0x00000000a5b00000)
 Metaspace       used 53692K, capacity 55582K, committed 55728K, reserved 1097728K
  class space    used 7299K, capacity 7742K, committed 7856K, reserved 1048576K
}
Event: 25.058 GC heap before
{Heap before GC invocations=14 (full 2):
 PSYoungGen      total 143872K, used 56204K [0x00000000e0000000, 0x00000000eb180000, 0x0000000100000000)
  eden space 130560K, 32% used [0x00000000e0000000,0x00000000e29e3cd8,0x00000000e7f80000)
  from space 13312K, 99% used [0x00000000e7f80000,0x00000000e8c7f340,0x00000000e8c80000)
  to   space 17408K, 0% used [0x00000000ea080000,0x00000000ea080000,0x00000000eb180000)
 ParOldGen       total 93184K, used 22773K [0x00000000a0000000, 0x00000000a5b00000, 0x00000000e0000000)
  object space 93184K, 24% used [0x00000000a0000000,0x00000000a163d5a8,0x00000000a5b00000)
 Metaspace       used 56988K, capacity 59036K, committed 59160K, reserved 1099776K
  class space    used 7812K, capacity 8285K, committed 8368K, reserved 1048576K
Event: 25.085 GC heap after
Heap after GC invocations=14 (full 2):
 PSYoungGen      total 163840K, used 12380K [0x00000000e0000000, 0x00000000ebe00000, 0x0000000100000000)
  eden space 146432K, 0% used [0x00000000e0000000,0x00000000e0000000,0x00000000e8f00000)
  from space 17408K, 71% used [0x00000000ea080000,0x00000000eac97210,0x00000000eb180000)
  to   space 17920K, 0% used [0x00000000e8f00000,0x00000000e8f00000,0x00000000ea080000)
 ParOldGen       total 93184K, used 27769K [0x00000000a0000000, 0x00000000a5b00000, 0x00000000e0000000)
  object space 93184K, 29% used [0x00000000a0000000,0x00000000a1b1e508,0x00000000a5b00000)
 Metaspace       used 56988K, capacity 59036K, committed 59160K, reserved 1099776K
  class space    used 7812K, capacity 8285K, committed 8368K, reserved 1048576K
}
Event: 25.085 GC heap before
{Heap before GC invocations=15 (full 3):
 PSYoungGen      total 163840K, used 12380K [0x00000000e0000000, 0x00000000ebe00000, 0x0000000100000000)
  eden space 146432K, 0% used [0x00000000e0000000,0x00000000e0000000,0x00000000e8f00000)
  from space 17408K, 71% used [0x00000000ea080000,0x00000000eac97210,0x00000000eb180000)
  to   space 17920K, 0% used [0x00000000e8f00000,0x00000000e8f00000,0x00000000ea080000)
 ParOldGen       total 93184K, used 27769K [0x00000000a0000000, 0x00000000a5b00000, 0x00000000e0000000)
  object space 93184K, 29% used [0x00000000a0000000,0x00000000a1b1e508,0x00000000a5b00000)
 Metaspace       used 56988K, capacity 59036K, committed 59160K, reserved 1099776K
  class space    used 7812K, capacity 8285K, committed 8368K, reserved 1048576K
Event: 25.486 GC heap after
Heap after GC invocations=15 (full 3):
 PSYoungGen      total 163840K, used 0K [0x00000000e0000000, 0x00000000ebe00000, 0x0000000100000000)
  eden space 146432K, 0% used [0x00000000e0000000,0x00000000e0000000,0x00000000e8f00000)
  from space 17408K, 0% used [0x00000000ea080000,0x00000000ea080000,0x00000000eb180000)
  to   space 17920K, 0% used [0x00000000e8f00000,0x00000000e8f00000,0x00000000ea080000)
 ParOldGen       total 141312K, used 29879K [0x00000000a0000000, 0x00000000a8a00000, 0x00000000e0000000)
  object space 141312K, 21% used [0x00000000a0000000,0x00000000a1d2de70,0x00000000a8a00000)
 Metaspace       used 56964K, capacity 58952K, committed 59160K, reserved 1099776K
  class space    used 7804K, capacity 8271K, committed 8368K, reserved 1048576K
}

Deoptimization events (10 events):
Event: 27.313 Thread 0x000000001ef60000 Uncommon trap: reason=unstable_if action=reinterpret pc=0x0000000003a52ebc method=org.gradle.internal.service.DefaultServiceRegistry$SingletonService.prepare()Lorg/gradle/internal/service/Service; @ 68
Event: 27.314 Thread 0x000000001b4ab000 Uncommon trap: reason=unstable_if action=reinterpret pc=0x0000000003a52ebc method=org.gradle.internal.service.DefaultServiceRegistry$SingletonService.prepare()Lorg/gradle/internal/service/Service; @ 68
Event: 27.314 Thread 0x000000001ef61800 Uncommon trap: reason=unstable_if action=reinterpret pc=0x0000000003a52ebc method=org.gradle.internal.service.DefaultServiceRegistry$SingletonService.prepare()Lorg/gradle/internal/service/Service; @ 68
Event: 27.315 Thread 0x000000001ef62000 Uncommon trap: reason=unstable_if action=reinterpret pc=0x0000000003a52ebc method=org.gradle.internal.service.DefaultServiceRegistry$SingletonService.prepare()Lorg/gradle/internal/service/Service; @ 68
Event: 27.335 Thread 0x000000001ef60000 Uncommon trap: reason=bimorphic action=maybe_recompile pc=0x00000000034df2d4 method=java.util.Arrays.binarySearch0([Ljava/lang/Object;IILjava/lang/Object;Ljava/util/Comparator;)I @ 48
Event: 27.335 Thread 0x000000001ef60000 Uncommon trap: reason=bimorphic action=maybe_recompile pc=0x00000000034df2d4 method=java.util.Arrays.binarySearch0([Ljava/lang/Object;IILjava/lang/Object;Ljava/util/Comparator;)I @ 48
Event: 27.390 Thread 0x000000001afcb000 Uncommon trap: reason=unstable_if action=reinterpret pc=0x0000000003731384 method=java.lang.Class.newReflectionData(Ljava/lang/ref/SoftReference;I)Ljava/lang/Class$ReflectionData; @ 30
Event: 27.443 Thread 0x000000001b142800 Uncommon trap: reason=bimorphic action=maybe_recompile pc=0x00000000034df2d4 method=java.util.Arrays.binarySearch0([Ljava/lang/Object;IILjava/lang/Object;Ljava/util/Comparator;)I @ 48
Event: 27.443 Thread 0x000000001b142800 Uncommon trap: reason=bimorphic action=maybe_recompile pc=0x00000000034df2d4 method=java.util.Arrays.binarySearch0([Ljava/lang/Object;IILjava/lang/Object;Ljava/util/Comparator;)I @ 48
Event: 27.443 Thread 0x000000001b142800 Uncommon trap: reason=bimorphic action=maybe_recompile pc=0x00000000034e6678 method=java.util.Arrays.binarySearch0([Ljava/lang/Object;IILjava/lang/Object;Ljava/util/Comparator;)I @ 48

Classes redefined (0 events):
No events

Internal exceptions (10 events):
Event: 22.585 Thread 0x000000001afcb000 Exception <a 'java/lang/ClassNotFoundException': com/android/build/gradle/internal/api/ApkVariantOutputImpl_DecoratedBeanInfo> (0x00000000e6f07350) thrown at [C:\src\AOSP-openjdk-git\hotspot\src\share\vm\classfile\systemDictionary.cpp, line 210]
Event: 22.586 Thread 0x000000001afcb000 Exception <a 'java/lang/ClassNotFoundException': com/android/build/gradle/internal/api/ApkVariantOutputImplBeanInfo> (0x00000000e6f243a0) thrown at [C:\src\AOSP-openjdk-git\hotspot\src\share\vm\classfile\systemDictionary.cpp, line 210]
Event: 22.586 Thread 0x000000001afcb000 Exception <a 'java/lang/ClassNotFoundException': com/android/build/gradle/internal/api/BaseVariantOutputImplBeanInfo> (0x00000000e6f427c8) thrown at [C:\src\AOSP-openjdk-git\hotspot\src\share\vm\classfile\systemDictionary.cpp, line 210]
Event: 22.587 Thread 0x000000001afcb000 Exception <a 'java/lang/ClassNotFoundException': com/android/build/gradle/internal/api/BaseVariantOutputImplCustomizer> (0x00000000e6f61148) thrown at [C:\src\AOSP-openjdk-git\hotspot\src\share\vm\classfile\systemDictionary.cpp, line 210]
Event: 22.588 Thread 0x000000001afcb000 Exception <a 'java/lang/ClassNotFoundException': com/android/build/gradle/internal/api/ApkVariantOutputImplCustomizer> (0x00000000e6f99718) thrown at [C:\src\AOSP-openjdk-git\hotspot\src\share\vm\classfile\systemDictionary.cpp, line 210]
Event: 22.589 Thread 0x000000001afcb000 Exception <a 'java/lang/ClassNotFoundException': com/android/build/gradle/internal/api/ApkVariantOutputImpl_DecoratedCustomizer> (0x00000000e6fcd288) thrown at [C:\src\AOSP-openjdk-git\hotspot\src\share\vm\classfile\systemDictionary.cpp, line 210]
Event: 23.271 Thread 0x000000001afcb000 Exception <a 'java/lang/ClassNotFoundException': com/sun/org/glassfish/hk2/osgiresourcelocator/ServiceLoader> (0x00000000e118e268) thrown at [C:\src\AOSP-openjdk-git\hotspot\src\share\vm\classfile\systemDictionary.cpp, line 210]
Event: 23.378 Thread 0x000000001afcb000 Exception <a 'java/lang/NullPointerException'> (0x00000000e15e47f8) thrown at [C:\src\AOSP-openjdk-git\hotspot\src\share\vm\interpreter\linkResolver.cpp, line 1287]
Event: 27.349 Thread 0x000000001ef60000 Exception <a 'java/lang/NoSuchMethodError': java.lang.Object.lambda$identity$2(Ljava/lang/Object;)Ljava/lang/Object;> (0x00000000e3072000) thrown at [C:\src\AOSP-openjdk-git\hotspot\src\share\vm\interpreter\linkResolver.cpp, line 620]
Event: 27.349 Thread 0x000000001b4ab000 Exception <a 'java/lang/NoSuchMethodError': java.lang.Object.lambda$identity$2(Ljava/lang/Object;)Ljava/lang/Object;> (0x00000000e2e43f98) thrown at [C:\src\AOSP-openjdk-git\hotspot\src\share\vm\interpreter\linkResolver.cpp, line 620]

Events (10 events):
Event: 27.477 loading class com/google/common/collect/Maps$TransformedEntriesMap
Event: 27.477 loading class com/google/common/collect/Maps$TransformedEntriesMap done
Event: 27.478 loading class com/google/common/collect/Maps$IteratorBasedAbstractMap
Event: 27.478 loading class com/google/common/collect/Maps$IteratorBasedAbstractMap done
Event: 27.479 loading class com/google/common/collect/Maps$IteratorBasedAbstractMap$1
Event: 27.479 loading class com/google/common/collect/Maps$IteratorBasedAbstractMap$1 done
Event: 27.480 loading class com/google/common/collect/Maps$EntrySet
Event: 27.480 loading class com/google/common/collect/Maps$EntrySet done
Event: 27.484 loading class com/google/common/collect/Maps$13
Event: 27.484 loading class com/google/common/collect/Maps$13 done


Dynamic libraries:
0x00007ff606a20000 - 0x00007ff606a51000 	C:\Program Files\Android\Android Studio\jre\bin\java.exe
0x00007ffc228b0000 - 0x00007ffc22aa5000 	C:\WINDOWS\SYSTEM32\ntdll.dll
0x00007ffc20b10000 - 0x00007ffc20bcd000 	C:\WINDOWS\System32\KERNEL32.DLL
0x00007ffc20280000 - 0x00007ffc20547000 	C:\WINDOWS\System32\KERNELBASE.dll
0x00007ffc20d90000 - 0x00007ffc20e3a000 	C:\WINDOWS\System32\ADVAPI32.dll
0x00007ffc21ca0000 - 0x00007ffc21d3e000 	C:\WINDOWS\System32\msvcrt.dll
0x00007ffc20fe0000 - 0x00007ffc2107b000 	C:\WINDOWS\System32\sechost.dll
0x00007ffc21e40000 - 0x00007ffc21f64000 	C:\WINDOWS\System32\RPCRT4.dll
0x00007ffc20e40000 - 0x00007ffc20fe0000 	C:\WINDOWS\System32\USER32.dll
0x00007ffc201f0000 - 0x00007ffc20212000 	C:\WINDOWS\System32\win32u.dll
0x00007ffc226c0000 - 0x00007ffc226ea000 	C:\WINDOWS\System32\GDI32.dll
0x00007ffc20700000 - 0x00007ffc20809000 	C:\WINDOWS\System32\gdi32full.dll
0x00007ffc1fff0000 - 0x00007ffc2008d000 	C:\WINDOWS\System32\msvcp_win.dll
0x00007ffc20810000 - 0x00007ffc20910000 	C:\WINDOWS\System32\ucrtbase.dll
0x00007ffc0dc50000 - 0x00007ffc0deeb000 	C:\WINDOWS\WinSxS\amd64_microsoft.windows.common-controls_6595b64144ccf1df_6.0.19041.488_none_ca04af081b815d21\COMCTL32.dll
0x00007ffc21d60000 - 0x00007ffc21d90000 	C:\WINDOWS\System32\IMM32.DLL
0x0000000059ec0000 - 0x0000000059f92000 	C:\Program Files\Android\Android Studio\jre\jre\bin\msvcr100.dll
0x0000000059fc0000 - 0x000000005a80b000 	C:\Program Files\Android\Android Studio\jre\jre\bin\server\jvm.dll
0x00007ffc20d80000 - 0x00007ffc20d88000 	C:\WINDOWS\System32\PSAPI.DLL
0x00007ffc1a1d0000 - 0x00007ffc1a1da000 	C:\WINDOWS\SYSTEM32\VERSION.dll
0x00007ffc102f0000 - 0x00007ffc10317000 	C:\WINDOWS\SYSTEM32\WINMM.dll
0x00007ffc0cd50000 - 0x00007ffc0cd59000 	C:\WINDOWS\SYSTEM32\WSOCK32.dll
0x00007ffc222f0000 - 0x00007ffc2235b000 	C:\WINDOWS\System32\WS2_32.dll
0x00007ffc0fcc0000 - 0x00007ffc0fccf000 	C:\Program Files\Android\Android Studio\jre\jre\bin\verify.dll
0x00007ffc0ed60000 - 0x00007ffc0ed89000 	C:\Program Files\Android\Android Studio\jre\jre\bin\java.dll
0x00007ffc0f890000 - 0x00007ffc0f8a6000 	C:\Program Files\Android\Android Studio\jre\jre\bin\zip.dll
0x00007ffc214f0000 - 0x00007ffc21c31000 	C:\WINDOWS\System32\SHELL32.dll
0x00007ffc1dd80000 - 0x00007ffc1e513000 	C:\WINDOWS\SYSTEM32\windows.storage.dll
0x00007ffc22360000 - 0x00007ffc226b5000 	C:\WINDOWS\System32\combase.dll
0x00007ffc1fa60000 - 0x00007ffc1fa8c000 	C:\WINDOWS\SYSTEM32\Wldp.dll
0x00007ffc227c0000 - 0x00007ffc2286e000 	C:\WINDOWS\System32\SHCORE.dll
0x00007ffc22180000 - 0x00007ffc221d5000 	C:\WINDOWS\System32\shlwapi.dll
0x00007ffc1ff20000 - 0x00007ffc1ff46000 	C:\WINDOWS\SYSTEM32\profapi.dll
0x00007ffc0f400000 - 0x00007ffc0f41a000 	C:\Program Files\Android\Android Studio\jre\jre\bin\net.dll
0x00007ffc1f7e0000 - 0x00007ffc1f84a000 	C:\WINDOWS\system32\mswsock.dll
0x00007ffc0f030000 - 0x00007ffc0f043000 	C:\Program Files\Android\Android Studio\jre\jre\bin\nio.dll
0x00007ffc0ee90000 - 0x00007ffc0eeb6000 	C:\Users\patri\.gradle\native\31\windows-amd64\native-platform.dll
0x00007ffc0f8f0000 - 0x00007ffc0f8fd000 	C:\Program Files\Android\Android Studio\jre\jre\bin\management.dll
0x00007ffc1f9b0000 - 0x00007ffc1f9c8000 	C:\WINDOWS\SYSTEM32\CRYPTSP.dll
0x00007ffc1f100000 - 0x00007ffc1f134000 	C:\WINDOWS\system32\rsaenh.dll
0x00007ffc20140000 - 0x00007ffc20167000 	C:\WINDOWS\System32\bcrypt.dll
0x00007ffc1fee0000 - 0x00007ffc1ff0e000 	C:\WINDOWS\SYSTEM32\USERENV.dll
0x00007ffc20170000 - 0x00007ffc201ef000 	C:\WINDOWS\System32\bcryptprimitives.dll
0x00007ffc1f9d0000 - 0x00007ffc1f9dc000 	C:\WINDOWS\SYSTEM32\CRYPTBASE.dll
0x00007ffc1f480000 - 0x00007ffc1f4bb000 	C:\WINDOWS\SYSTEM32\IPHLPAPI.DLL
0x00007ffc20b00000 - 0x00007ffc20b09000 	C:\WINDOWS\System32\NSI.dll
0x00007ffc16f00000 - 0x00007ffc16f17000 	C:\WINDOWS\SYSTEM32\dhcpcsvc6.DLL
0x00007ffc16ee0000 - 0x00007ffc16efd000 	C:\WINDOWS\SYSTEM32\dhcpcsvc.DLL
0x00007ffc1f4c0000 - 0x00007ffc1f58b000 	C:\WINDOWS\SYSTEM32\DNSAPI.dll

VM Arguments:
jvm_args: -Xmx1536m -Dfile.encoding=windows-1252 -Duser.country=CL -Duser.language=es -Duser.variant 
java_command: org.gradle.launcher.daemon.bootstrap.GradleDaemon 6.1.1
java_class_path (initial): C:\Users\patri\.gradle\wrapper\dists\gradle-6.1.1-all\cfmwm155h49vnt3hynmlrsdst\gradle-6.1.1\lib\gradle-launcher-6.1.1.jar
Launcher Type: SUN_STANDARD

Environment Variables:
PATH=C:\Program Files\Microsoft MPI\Bin\;C:\oraclexe\app\oracle\product\11.2.0\server\bin;C:\Program Files (x86)\Common Files\Oracle\Java\javapath;C:\WINDOWS\system32;C:\WINDOWS;C:\WINDOWS\System32\Wbem;C:\WINDOWS\System32\WindowsPowerShell\v1.0\;C:\WINDOWS\System32\OpenSSH\;C:\Program Files (x86)\Brackets\command;C:\Program Files\dotnet\;c:\Program Files\Microsoft SQL Server\110\Tools\Binn\;c:\Program Files (x86)\Microsoft SQL Server\110\Tools\Binn\;c:\Program Files\Microsoft SQL Server\110\DTS\Binn\;c:\Program Files (x86)\Microsoft SQL Server\110\Tools\Binn\ManagementStudio\;c:\Program Files (x86)\Microsoft Visual Studio 10.0\Common7\IDE\PrivateAssemblies\;c:\Program Files (x86)\Microsoft SQL Server\110\DTS\Binn\;C:\Program Files\Microsoft SQL Server\130\Tools\Binn\;C:\Program Files (x86)\Intel\Intel(R) Management Engine Components\DAL;C:\Program Files\Intel\Intel(R) Management Engine Components\DAL;C:\Program Files\Git\cmd;C:\Program Files\Git\mingw64\bin;C:\Program Files\Git\usr\bin;C:\Program Files (x86)\NVIDIA Corporation\PhysX\Common;%SystemRoot%\system32;%SystemRoot%;%SystemRoot%\System32\Wbem;%SYSTEMROOT%\System32\WindowsPowerShell\v1.0\;%SYSTEMROOT%\System32\OpenSSH\;C:\Users\patri\AppData\Local\Microsoft\WindowsApps;;C:\Users\patri\AppData\Local\Programs\Microsoft VS Code\bin
USERNAME=patri
OS=Windows_NT
PROCESSOR_IDENTIFIER=Intel64 Family 6 Model 142 Stepping 10, GenuineIntel



---------------  S Y S T E M  ---------------

OS: Windows 10.0 , 64 bit Build 19041 (10.0.19041.292)

CPU:total 8 (initial active 8) (4 cores per cpu, 2 threads per core) family 6 model 142 stepping 10, cmov, cx8, fxsr, mmx, sse, sse2, sse3, ssse3, sse4.1, sse4.2, popcnt, avx, avx2, aes, clmul, erms, 3dnowpref, lzcnt, ht, tsc, tscinvbit, bmi1, bmi2, adx

Memory: 4k page, physical 8218032k(331520k free), swap 18458032k(4696k free)

vm_info: OpenJDK 64-Bit Server VM (25.242-b01) for windows-amd64 JRE (1.8.0_242-release-1644-b01), built by "builder" with MS VC++ 10.0 (VS2010)

time: Mon Sep 28 22:53:12 2020
timezone: Hora verano Sudamérica Pacífico
elapsed time: 27 seconds (0d 0h 0m 27s)

